<?xml version="1.0" encoding="UTF-8"?>
<testsuite name="battleship.api.StartBattleshipTest" tests="6" skipped="0" failures="0" errors="0" timestamp="2022-07-12T09:32:31" hostname="LAPTOP-7B59NP3D" time="0.92">
  <properties/>
  <testcase name="startingBattleshipShouldBeAllowed()" classname="battleship.api.StartBattleshipTest" time="0.891"/>
  <testcase name="startingBattleshipSavesTheNamesInASession()" classname="battleship.api.StartBattleshipTest" time="0.012"/>
  <testcase name="startingBattleshipStartsANewSession()" classname="battleship.api.StartBattleshipTest" time="0.002"/>
  <testcase name="startingBattleshipReturnsAGameWithoutAWinner()" classname="battleship.api.StartBattleshipTest" time="0.002"/>
  <testcase name="startingBattleshipSavesTheNewGameInASession()" classname="battleship.api.StartBattleshipTest" time="0.005"/>
  <testcase name="startingBattleshipReturnsThePlayerData()" classname="battleship.api.StartBattleshipTest" time="0.004"/>
  <system-out><![CDATA[]]></system-out>
  <system-err><![CDATA[]]></system-err>
</testsuite>
