<?xml version="1.0" encoding="UTF-8"?>
<testsuite name="battleship.domain.BattleshipImplTest" tests="4" skipped="0" failures="0" errors="0" timestamp="2022-07-12T09:36:48" hostname="LAPTOP-7B59NP3D" time="0.043">
  <properties/>
  <testcase name="firstTurnNotOfPlayerTwo()" classname="battleship.domain.BattleshipImplTest" time="0.033"/>
  <testcase name="firstTurnOfPlayerOne()" classname="battleship.domain.BattleshipImplTest" time="0.004"/>
  <testcase name="beginGameNotEnd()" classname="battleship.domain.BattleshipImplTest" time="0.001"/>
  <testcase name="noWinnerYet()" classname="battleship.domain.BattleshipImplTest" time="0.003"/>
  <system-out><![CDATA[]]></system-out>
  <system-err><![CDATA[]]></system-err>
</testsuite>
