<?xml version="1.0" encoding="UTF-8"?>
<testsuite name="battleship.domain.BattleshipImplTest" tests="4" skipped="0" failures="0" errors="0" timestamp="2022-07-12T09:40:42" hostname="LAPTOP-7B59NP3D" time="0.034">
  <properties/>
  <testcase name="firstTurnNotOfPlayerTwo()" classname="battleship.domain.BattleshipImplTest" time="0.027"/>
  <testcase name="firstTurnOfPlayerOne()" classname="battleship.domain.BattleshipImplTest" time="0.002"/>
  <testcase name="beginGameNotEnd()" classname="battleship.domain.BattleshipImplTest" time="0.0"/>
  <testcase name="noWinnerYet()" classname="battleship.domain.BattleshipImplTest" time="0.002"/>
  <system-out><![CDATA[]]></system-out>
  <system-err><![CDATA[]]></system-err>
</testsuite>
